<?xml version="1.0" encoding="UTF-8"?>
<!-- Generated by org.testng.reporters.JUnitReportReporter -->
<testsuite skipped="1" hostname="DESKTOP-9U7KF4V" name="com.responsevalidation.dynamicandstatic.MutlipleDataForSameRequestUsingDataProvider" tests="1" failures="0" timestamp="2021-12-10T12:09:01 IST" time="0.000" errors="0">
  <testcase name="createDataProvider" time="0.000" classname="com.responsevalidation.dynamicandstatic.MutlipleDataForSameRequestUsingDataProvider">
    <skipped/>
  </testcase> <!-- createDataProvider -->
  <system-out/>
</testsuite> <!-- com.responsevalidation.dynamicandstatic.MutlipleDataForSameRequestUsingDataProvider -->
