<?xml version="1.0" encoding="UTF-8"?>
<!-- Generated by org.testng.reporters.JUnitReportReporter -->
<testsuite skipped="0" hostname="DESKTOP-9U7KF4V" name="com.responsevalidation.dynamicandstatic.DynamicValidateResponse" tests="1" failures="0" timestamp="2021-12-10T11:43:44 IST" time="26.092" errors="0">
  <testcase name="dynamicResponse" time="26.092" classname="com.responsevalidation.dynamicandstatic.DynamicValidateResponse"/>
  <system-out/>
</testsuite> <!-- com.responsevalidation.dynamicandstatic.DynamicValidateResponse -->
