<?xml version="1.0" encoding="UTF-8"?>
<!-- Generated by org.testng.reporters.JUnitReportReporter -->
<testsuite skipped="0" hostname="DESKTOP-9U7KF4V" name="com.responsevalidation.dynamicandstatic.StaticValidateResponse" tests="1" failures="0" timestamp="2021-12-10T11:23:37 IST" time="6.320" errors="0">
  <testcase name="StaticResponse" time="6.320" classname="com.responsevalidation.dynamicandstatic.StaticValidateResponse"/>
  <system-out/>
</testsuite> <!-- com.responsevalidation.dynamicandstatic.StaticValidateResponse -->
