<?xml version="1.0" encoding="UTF-8"?>
<!-- Generated by org.testng.reporters.JUnitReportReporter -->
<testsuite skipped="0" hostname="DESKTOP-9U7KF4V" name="com.parameters.QueryParameter" tests="1" failures="0" timestamp="2021-12-10T15:21:10 IST" time="14.709" errors="0">
  <testcase name="query" time="14.709" classname="com.parameters.QueryParameter"/>
  <system-out/>
</testsuite> <!-- com.parameters.QueryParameter -->
