<?xml version="1.0" encoding="UTF-8"?>
<!-- Generated by org.testng.reporters.JUnitReportReporter -->
<testsuite skipped="0" hostname="DESKTOP-9U7KF4V" name="WaytoPostTheRequest.TestcaseUsingJsonObject" tests="1" failures="0" timestamp="2021-12-09T17:48:01 IST" time="43.005" errors="0">
  <testcase name="testcasejson" time="43.005" classname="WaytoPostTheRequest.TestcaseUsingJsonObject"/>
  <system-out/>
</testsuite> <!-- WaytoPostTheRequest.TestcaseUsingJsonObject -->
