<?xml version="1.0" encoding="UTF-8"?>
<!-- Generated by org.testng.reporters.JUnitReportReporter -->
<testsuite skipped="0" hostname="DESKTOP-9U7KF4V" name="CrudOperationWithoutBDDFrames.CreateResourse" tests="1" failures="0" timestamp="2021-12-09T14:44:09 IST" time="4.760" errors="0">
  <testcase name="postResourse" time="4.760" classname="CrudOperationWithoutBDDFrames.CreateResourse"/>
  <system-out/>
</testsuite> <!-- CrudOperationWithoutBDDFrames.CreateResourse -->
