<?xml version="1.0" encoding="UTF-8"?>
<!-- Generated by org.testng.reporters.JUnitReportReporter -->
<testsuite skipped="0" hostname="DESKTOP-9U7KF4V" name="CrudOperationWithoutBDDFrames.UpdateResourse" tests="1" failures="0" timestamp="2021-12-09T14:11:56 IST" time="13.850" errors="0">
  <testcase name="putResource" time="13.850" classname="CrudOperationWithoutBDDFrames.UpdateResourse"/>
  <system-out/>
</testsuite> <!-- CrudOperationWithoutBDDFrames.UpdateResourse -->
