<?xml version="1.0" encoding="UTF-8"?>
<!-- Generated by org.testng.reporters.JUnitReportReporter -->
<testsuite skipped="0" hostname="DESKTOP-9U7KF4V" name="CrudOperationUsingBDDFrameWorks.CreateResourse" tests="1" failures="0" timestamp="2021-12-09T14:44:45 IST" time="4.496" errors="0">
  <testcase name="postresourse" time="4.496" classname="CrudOperationUsingBDDFrameWorks.CreateResourse"/>
  <system-out/>
</testsuite> <!-- CrudOperationUsingBDDFrameWorks.CreateResourse -->
