<?xml version="1.0" encoding="UTF-8"?>
<!-- Generated by org.testng.reporters.JUnitReportReporter -->
<testsuite skipped="0" hostname="DESKTOP-9U7KF4V" name="com.parameters.PathParameter" tests="1" failures="0" timestamp="2021-12-10T14:56:02 IST" time="66.236" errors="0">
  <testcase name="path" time="66.236" classname="com.parameters.PathParameter"/>
  <system-out/>
</testsuite> <!-- com.parameters.PathParameter -->
