<?xml version="1.0" encoding="UTF-8"?>
<!-- Generated by org.testng.reporters.JUnitReportReporter -->
<testsuite skipped="0" hostname="DESKTOP-9U7KF4V" name="com.parameters.ParameterUsingGitHub" tests="1" failures="0" timestamp="2021-12-10T15:24:52 IST" time="12.780" errors="0">
  <testcase name="parameters" time="12.780" classname="com.parameters.ParameterUsingGitHub"/>
  <system-out/>
</testsuite> <!-- com.parameters.ParameterUsingGitHub -->
