<?xml version="1.0" encoding="UTF-8"?>
<!-- Generated by org.testng.reporters.JUnitReportReporter -->
<testsuite skipped="0" hostname="DESKTOP-9U7KF4V" name="CrudOperationUsingBDDFrameWorks.GetAllResource" tests="1" failures="0" timestamp="2021-12-09T11:58:30 IST" time="5.228" errors="0">
  <testcase name="getallresource" time="5.228" classname="CrudOperationUsingBDDFrameWorks.GetAllResource"/>
  <system-out/>
</testsuite> <!-- CrudOperationUsingBDDFrameWorks.GetAllResource -->
