<?xml version="1.0" encoding="UTF-8"?>
<!-- Generated by org.testng.reporters.JUnitReportReporter -->
<testsuite skipped="0" hostname="DESKTOP-9U7KF4V" name="WaytoPostTheRequest.CreateResUsingJsonFile" tests="1" failures="0" timestamp="2021-12-09T17:31:51 IST" time="4.571" errors="0">
  <testcase name="jsonFile" time="4.571" classname="WaytoPostTheRequest.CreateResUsingJsonFile"/>
  <system-out/>
</testsuite> <!-- WaytoPostTheRequest.CreateResUsingJsonFile -->
