<?xml version="1.0" encoding="UTF-8"?>
<!-- Generated by org.testng.reporters.JUnitReportReporter -->
<testsuite skipped="0" hostname="DESKTOP-9U7KF4V" name="CrudOperationWithoutBDDFrames.DeleteResourse" tests="1" failures="0" timestamp="2021-12-09T14:17:09 IST" time="6.319" errors="0">
  <testcase name="deleteresourse" time="6.319" classname="CrudOperationWithoutBDDFrames.DeleteResourse"/>
  <system-out/>
</testsuite> <!-- CrudOperationWithoutBDDFrames.DeleteResourse -->
