<?xml version="1.0" encoding="UTF-8"?>
<!-- Generated by org.testng.reporters.JUnitReportReporter -->
<testsuite skipped="0" hostname="DESKTOP-9U7KF4V" name="WaytoPostTheRequest.TestcasesPojoRes" tests="1" failures="0" timestamp="2021-12-10T10:04:07 IST" time="16.548" errors="0">
  <testcase name="create" time="16.548" classname="WaytoPostTheRequest.TestcasesPojoRes"/>
  <system-out/>
</testsuite> <!-- WaytoPostTheRequest.TestcasesPojoRes -->
