<?xml version="1.0" encoding="UTF-8"?>
<!-- Generated by org.testng.reporters.JUnitReportReporter -->
<testsuite skipped="0" hostname="DESKTOP-9U7KF4V" name="WaytoPostTheRequest.TestcasesUsingHashMap" tests="1" failures="0" timestamp="2021-12-09T16:48:08 IST" time="21.159" errors="0">
  <testcase name="Testcasehashmap" time="21.159" classname="WaytoPostTheRequest.TestcasesUsingHashMap"/>
  <system-out/>
</testsuite> <!-- WaytoPostTheRequest.TestcasesUsingHashMap -->
