<?xml version="1.0" encoding="UTF-8"?>
<!-- Generated by org.testng.reporters.JUnitReportReporter -->
<testsuite skipped="0" hostname="DESKTOP-9U7KF4V" name="CrudOperationUsingBDDFrameWorks.UpdateResourse" tests="1" failures="0" timestamp="2021-12-09T12:17:58 IST" time="6.595" errors="0">
  <testcase name="putresourse" time="6.595" classname="CrudOperationUsingBDDFrameWorks.UpdateResourse"/>
  <system-out/>
</testsuite> <!-- CrudOperationUsingBDDFrameWorks.UpdateResourse -->
