<?xml version="1.0" encoding="UTF-8"?>
<!-- Generated by org.testng.reporters.JUnitReportReporter -->
<testsuite skipped="0" hostname="DESKTOP-9U7KF4V" name="WaytoPostTheRequest.PojoResourse" tests="1" failures="0" timestamp="2021-12-09T16:15:15 IST" time="9.161" errors="0">
  <testcase name="create" time="9.161" classname="WaytoPostTheRequest.PojoResourse"/>
  <system-out/>
</testsuite> <!-- WaytoPostTheRequest.PojoResourse -->
